<?xml version="1.0" encoding="utf-8"?><testsuites name="pytest tests"><testsuite name="pytest" errors="0" failures="0" skipped="0" tests="138" time="10.745" timestamp="2026-09-08T01:50:36.147846+02:00" hostname="MacBook-Pro-Bartosz-2"><testcase classname="research.arithmetic-library.working.jordan-totient-v1.test_jordan_tuple_scaling_candidate" name="test_independent_full_contract_no_supplied_map_or_count[0]" time="0.001" /><testcase classname="research.arithmetic-library.working.jordan-totient-v1.test_jordan_tuple_scaling_candidate" name="test_independent_full_contract_no_supplied_map_or_count[1]" time="0.001" /><testcase classname="research.arithmetic-library.working.jordan-totient-v1.test_jordan_tuple_scaling_candidate" name="test_independent_full_contract_no_supplied_map_or_count[2]" time="0.001" /><testcase classname="research.arithmetic-library.working.jordan-totient-v1.test_jordan_tuple_scaling_candidate" name="test_independent_full_contract_no_supplied_map_or_count[3]" time="0.001" /><testcase classname="research.arithmetic-library.working.jordan-totient-v1.test_jordan_tuple_scaling_candidate" name="test_independent_full_contract_no_supplied_map_or_count[4]" time="0.003" /><testcase classname="research.arithmetic-library.working.jordan-totient-v1.test_jordan_tuple_scaling_candidate" name="test_independent_full_contract_no_supplied_map_or_count[5]" time="0.003" /><testcase classname="research.arithmetic-library.working.jordan-totient-v1.test_jordan_tuple_scaling_candidate" name="test_independent_full_contract_no_supplied_map_or_count[6]" time="0.001" /><testcase classname="research.arithmetic-library.working.jordan-totient-v1.test_jordan_tuple_scaling_candidate" name="test_independent_full_contract_no_supplied_map_or_count[7]" time="0.002" /><testcase classname="research.arithmetic-library.working.jordan-totient-v1.test_jordan_tuple_scaling_candidate" name="test_independent_full_contract_no_supplied_map_or_count[8]" time="0.002" /><testcase classname="research.arithmetic-library.working.jordan-totient-v1.test_jordan_tuple_scaling_candidate" name="test_independent_full_contract_no_supplied_map_or_count[9]" time="0.002" /><testcase classname="research.arithmetic-library.working.jordan-totient-v1.test_jordan_tuple_scaling_candidate" name="test_independent_full_contract_no_supplied_map_or_count[10]" time="0.002" /><testcase classname="research.arithmetic-library.working.jordan-totient-v1.test_jordan_tuple_scaling_candidate" name="test_conservative_definition_alpha_renaming[scaling]" time="0.001" /><testcase classname="research.arithmetic-library.working.jordan-totient-v1.test_jordan_tuple_scaling_candidate" name="test_conservative_definition_alpha_renaming[renamed]" time="0.001" /><testcase classname="research.arithmetic-library.working.jordan-totient-v1.test_jordan_tuple_scaling_candidate" name="test_conservative_definition_alpha_renaming[other]" time="0.001" /><testcase classname="research.arithmetic-library.working.jordan-totient-v1.test_jordan_tuple_scaling_candidate" name="test_public_capture_and_nonidentifier_rejection[0-jt_index_a]" time="0.000" /><testcase classname="research.arithmetic-library.working.jordan-totient-v1.test_jordan_tuple_scaling_candidate" name="test_public_capture_and_nonidentifier_rejection[0-fs_h_a]" time="0.000" /><testcase classname="research.arithmetic-library.working.jordan-totient-v1.test_jordan_tuple_scaling_candidate" name="test_public_capture_and_nonidentifier_rejection[0-ff_code]" time="0.000" /><testcase classname="research.arithmetic-library.working.jordan-totient-v1.test_jordan_tuple_scaling_candidate" name="test_public_capture_and_nonidentifier_rejection[0-a b]" time="0.000" /><testcase classname="research.arithmetic-library.working.jordan-totient-v1.test_jordan_tuple_scaling_candidate" name="test_public_capture_and_nonidentifier_rejection[0-S n]" time="0.000" /><testcase classname="research.arithmetic-library.working.jordan-totient-v1.test_jordan_tuple_scaling_candidate" name="test_public_capture_and_nonidentifier_rejection[0-n+1]" time="0.000" /><testcase classname="research.arithmetic-library.working.jordan-totient-v1.test_jordan_tuple_scaling_candidate" name="test_public_capture_and_nonidentifier_rejection[0-forall]" time="0.000" /><testcase classname="research.arithmetic-library.working.jordan-totient-v1.test_jordan_tuple_scaling_candidate" name="test_public_capture_and_nonidentifier_rejection[1-jt_index_a]" time="0.000" /><testcase classname="research.arithmetic-library.working.jordan-totient-v1.test_jordan_tuple_scaling_candidate" name="test_public_capture_and_nonidentifier_rejection[1-fs_h_a]" time="0.000" /><testcase classname="research.arithmetic-library.working.jordan-totient-v1.test_jordan_tuple_scaling_candidate" name="test_public_capture_and_nonidentifier_rejection[1-ff_code]" time="0.000" /><testcase classname="research.arithmetic-library.working.jordan-totient-v1.test_jordan_tuple_scaling_candidate" name="test_public_capture_and_nonidentifier_rejection[1-a b]" time="0.000" /><testcase classname="research.arithmetic-library.working.jordan-totient-v1.test_jordan_tuple_scaling_candidate" name="test_public_capture_and_nonidentifier_rejection[1-S n]" time="0.000" /><testcase classname="research.arithmetic-library.working.jordan-totient-v1.test_jordan_tuple_scaling_candidate" name="test_public_capture_and_nonidentifier_rejection[1-n+1]" time="0.000" /><testcase classname="research.arithmetic-library.working.jordan-totient-v1.test_jordan_tuple_scaling_candidate" name="test_public_capture_and_nonidentifier_rejection[1-forall]" time="0.000" /><testcase classname="research.arithmetic-library.working.jordan-totient-v1.test_jordan_tuple_scaling_candidate" name="test_public_capture_and_nonidentifier_rejection[2-jt_index_a]" time="0.000" /><testcase classname="research.arithmetic-library.working.jordan-totient-v1.test_jordan_tuple_scaling_candidate" name="test_public_capture_and_nonidentifier_rejection[2-fs_h_a]" time="0.000" /><testcase classname="research.arithmetic-library.working.jordan-totient-v1.test_jordan_tuple_scaling_candidate" name="test_public_capture_and_nonidentifier_rejection[2-ff_code]" time="0.000" /><testcase classname="research.arithmetic-library.working.jordan-totient-v1.test_jordan_tuple_scaling_candidate" name="test_public_capture_and_nonidentifier_rejection[2-a b]" time="0.000" /><testcase classname="research.arithmetic-library.working.jordan-totient-v1.test_jordan_tuple_scaling_candidate" name="test_public_capture_and_nonidentifier_rejection[2-S n]" time="0.000" /><testcase classname="research.arithmetic-library.working.jordan-totient-v1.test_jordan_tuple_scaling_candidate" name="test_public_capture_and_nonidentifier_rejection[2-n+1]" time="0.000" /><testcase classname="research.arithmetic-library.working.jordan-totient-v1.test_jordan_tuple_scaling_candidate" name="test_public_capture_and_nonidentifier_rejection[2-forall]" time="0.000" /><testcase classname="research.arithmetic-library.working.jordan-totient-v1.test_jordan_tuple_scaling_candidate" name="test_public_capture_and_nonidentifier_rejection[3-jt_index_a]" time="0.000" /><testcase classname="research.arithmetic-library.working.jordan-totient-v1.test_jordan_tuple_scaling_candidate" name="test_public_capture_and_nonidentifier_rejection[3-fs_h_a]" time="0.000" /><testcase classname="research.arithmetic-library.working.jordan-totient-v1.test_jordan_tuple_scaling_candidate" name="test_public_capture_and_nonidentifier_rejection[3-ff_code]" time="0.000" /><testcase classname="research.arithmetic-library.working.jordan-totient-v1.test_jordan_tuple_scaling_candidate" name="test_public_capture_and_nonidentifier_rejection[3-a b]" time="0.000" /><testcase classname="research.arithmetic-library.working.jordan-totient-v1.test_jordan_tuple_scaling_candidate" name="test_public_capture_and_nonidentifier_rejection[3-S n]" time="0.000" /><testcase classname="research.arithmetic-library.working.jordan-totient-v1.test_jordan_tuple_scaling_candidate" name="test_public_capture_and_nonidentifier_rejection[3-n+1]" time="0.000" /><testcase classname="research.arithmetic-library.working.jordan-totient-v1.test_jordan_tuple_scaling_candidate" name="test_public_capture_and_nonidentifier_rejection[3-forall]" time="0.000" /><testcase classname="research.arithmetic-library.working.jordan-totient-v1.test_jordan_tuple_scaling_candidate" name="test_public_capture_and_nonidentifier_rejection[4-jt_index_a]" time="0.000" /><testcase classname="research.arithmetic-library.working.jordan-totient-v1.test_jordan_tuple_scaling_candidate" name="test_public_capture_and_nonidentifier_rejection[4-fs_h_a]" time="0.000" /><testcase classname="research.arithmetic-library.working.jordan-totient-v1.test_jordan_tuple_scaling_candidate" name="test_public_capture_and_nonidentifier_rejection[4-ff_code]" time="0.000" /><testcase classname="research.arithmetic-library.working.jordan-totient-v1.test_jordan_tuple_scaling_candidate" name="test_public_capture_and_nonidentifier_rejection[4-a b]" time="0.000" /><testcase classname="research.arithmetic-library.working.jordan-totient-v1.test_jordan_tuple_scaling_candidate" name="test_public_capture_and_nonidentifier_rejection[4-S n]" time="0.000" /><testcase classname="research.arithmetic-library.working.jordan-totient-v1.test_jordan_tuple_scaling_candidate" name="test_public_capture_and_nonidentifier_rejection[4-n+1]" time="0.000" /><testcase classname="research.arithmetic-library.working.jordan-totient-v1.test_jordan_tuple_scaling_candidate" name="test_public_capture_and_nonidentifier_rejection[4-forall]" time="0.000" /><testcase classname="research.arithmetic-library.working.jordan-totient-v1.test_jordan_tuple_scaling_candidate" name="test_public_capture_and_nonidentifier_rejection[5-jt_index_a]" time="0.000" /><testcase classname="research.arithmetic-library.working.jordan-totient-v1.test_jordan_tuple_scaling_candidate" name="test_public_capture_and_nonidentifier_rejection[5-fs_h_a]" time="0.000" /><testcase classname="research.arithmetic-library.working.jordan-totient-v1.test_jordan_tuple_scaling_candidate" name="test_public_capture_and_nonidentifier_rejection[5-ff_code]" time="0.000" /><testcase classname="research.arithmetic-library.working.jordan-totient-v1.test_jordan_tuple_scaling_candidate" name="test_public_capture_and_nonidentifier_rejection[5-a b]" time="0.000" /><testcase classname="research.arithmetic-library.working.jordan-totient-v1.test_jordan_tuple_scaling_candidate" name="test_public_capture_and_nonidentifier_rejection[5-S n]" time="0.000" /><testcase classname="research.arithmetic-library.working.jordan-totient-v1.test_jordan_tuple_scaling_candidate" name="test_public_capture_and_nonidentifier_rejection[5-n+1]" time="0.000" /><testcase classname="research.arithmetic-library.working.jordan-totient-v1.test_jordan_tuple_scaling_candidate" name="test_public_capture_and_nonidentifier_rejection[5-forall]" time="0.000" /><testcase classname="research.arithmetic-library.working.jordan-totient-v1.test_jordan_tuple_scaling_candidate" name="test_internal_term_capture_rejected" time="0.000" /><testcase classname="research.arithmetic-library.working.jordan-totient-v1.test_jordan_tuple_scaling_candidate" name="test_real_unique_topological_dependencies_and_no_count_change" time="0.161" /><testcase classname="research.arithmetic-library.working.jordan-totient-v1.test_jordan_tuple_scaling_candidate" name="test_actual_box_bijection_and_unique_inverse_under_recoding[1-0-0]" time="0.001" /><testcase classname="research.arithmetic-library.working.jordan-totient-v1.test_jordan_tuple_scaling_candidate" name="test_actual_box_bijection_and_unique_inverse_under_recoding[2-0-0]" time="0.000" /><testcase classname="research.arithmetic-library.working.jordan-totient-v1.test_jordan_tuple_scaling_candidate" name="test_actual_box_bijection_and_unique_inverse_under_recoding[2-0-1]" time="0.000" /><testcase classname="research.arithmetic-library.working.jordan-totient-v1.test_jordan_tuple_scaling_candidate" name="test_actual_box_bijection_and_unique_inverse_under_recoding[1-1-3]" time="0.000" /><testcase classname="research.arithmetic-library.working.jordan-totient-v1.test_jordan_tuple_scaling_candidate" name="test_actual_box_bijection_and_unique_inverse_under_recoding[2-1-3]" time="0.000" /><testcase classname="research.arithmetic-library.working.jordan-totient-v1.test_jordan_tuple_scaling_candidate" name="test_actual_box_bijection_and_unique_inverse_under_recoding[2-3-2]" time="0.000" /><testcase classname="research.arithmetic-library.working.jordan-totient-v1.test_jordan_tuple_scaling_candidate" name="test_actual_box_bijection_and_unique_inverse_under_recoding[3-2-2]" time="0.000" /><testcase classname="research.arithmetic-library.working.jordan-totient-v1.test_jordan_tuple_scaling_candidate" name="test_actual_box_bijection_and_unique_inverse_under_recoding[4-2-2]" time="0.000" /><testcase classname="research.arithmetic-library.working.jordan-totient-v1.test_jordan_tuple_scaling_candidate" name="test_actual_box_bijection_and_unique_inverse_under_recoding[5-2-1]" time="0.000" /><testcase classname="research.arithmetic-library.working.jordan-totient-v1.test_jordan_tuple_scaling_candidate" name="test_scaling_totality_beyond_boxes_including_zero[0]" time="0.000" /><testcase classname="research.arithmetic-library.working.jordan-totient-v1.test_jordan_tuple_scaling_candidate" name="test_scaling_totality_beyond_boxes_including_zero[1]" time="0.000" /><testcase classname="research.arithmetic-library.working.jordan-totient-v1.test_jordan_tuple_scaling_candidate" name="test_scaling_totality_beyond_boxes_including_zero[2]" time="0.000" /><testcase classname="research.arithmetic-library.working.jordan-totient-v1.test_jordan_tuple_scaling_candidate" name="test_scaling_totality_beyond_boxes_including_zero[3]" time="0.000" /><testcase classname="research.arithmetic-library.working.jordan-totient-v1.test_jordan_tuple_scaling_candidate" name="test_zero_scaling_not_injective_and_positive_bound_hypothesis_necessary" time="0.000" /><testcase classname="research.arithmetic-library.working.jordan-totient-v1.test_jordan_tuple_scaling_candidate" name="test_divisibility_and_box_bound_cannot_be_dropped" time="0.000" /><testcase classname="research.arithmetic-library.working.jordan-totient-v1.test_jordan_tuple_scaling_candidate" name="test_independent_coordinate_order_model_exhaustively" time="0.000" /><testcase classname="research.arithmetic-library.working.jordan-totient-v1.test_jordan_tuple_scaling_candidate" name="test_native_body[0]" time="0.011" /><testcase classname="research.arithmetic-library.working.jordan-totient-v1.test_jordan_tuple_scaling_candidate" name="test_native_body[1]" time="0.010" /><testcase classname="research.arithmetic-library.working.jordan-totient-v1.test_jordan_tuple_scaling_candidate" name="test_native_body[2]" time="0.115" /><testcase classname="research.arithmetic-library.working.jordan-totient-v1.test_jordan_tuple_scaling_candidate" name="test_native_body[3]" time="0.018" /><testcase classname="research.arithmetic-library.working.jordan-totient-v1.test_jordan_tuple_scaling_candidate" name="test_native_body[4]" time="0.092" /><testcase classname="research.arithmetic-library.working.jordan-totient-v1.test_jordan_tuple_scaling_candidate" name="test_native_body[5]" time="0.103" /><testcase classname="research.arithmetic-library.working.jordan-totient-v1.test_jordan_tuple_scaling_candidate" name="test_native_body[6]" time="0.394" /><testcase classname="research.arithmetic-library.working.jordan-totient-v1.test_jordan_tuple_scaling_candidate" name="test_native_body[7]" time="0.048" /><testcase classname="research.arithmetic-library.working.jordan-totient-v1.test_jordan_tuple_scaling_candidate" name="test_native_body[8]" time="0.042" /><testcase classname="research.arithmetic-library.working.jordan-totient-v1.test_jordan_tuple_scaling_candidate" name="test_native_body[9]" time="0.092" /><testcase classname="research.arithmetic-library.working.jordan-totient-v1.test_jordan_tuple_scaling_candidate" name="test_native_body[10]" time="0.104" /><testcase classname="research.arithmetic-library.working.jordan-totient-v1.test_jordan_tuple_scaling_candidate" name="test_native_false_conclusion_rejected[0]" time="0.001" /><testcase classname="research.arithmetic-library.working.jordan-totient-v1.test_jordan_tuple_scaling_candidate" name="test_native_false_conclusion_rejected[1]" time="0.001" /><testcase classname="research.arithmetic-library.working.jordan-totient-v1.test_jordan_tuple_scaling_candidate" name="test_native_false_conclusion_rejected[2]" time="0.001" /><testcase classname="research.arithmetic-library.working.jordan-totient-v1.test_jordan_tuple_scaling_candidate" name="test_native_false_conclusion_rejected[3]" time="0.000" /><testcase classname="research.arithmetic-library.working.jordan-totient-v1.test_jordan_tuple_scaling_candidate" name="test_native_false_conclusion_rejected[4]" time="0.001" /><testcase classname="research.arithmetic-library.working.jordan-totient-v1.test_jordan_tuple_scaling_candidate" name="test_native_false_conclusion_rejected[5]" time="0.001" /><testcase classname="research.arithmetic-library.working.jordan-totient-v1.test_jordan_tuple_scaling_candidate" name="test_native_false_conclusion_rejected[6]" time="0.003" /><testcase classname="research.arithmetic-library.working.jordan-totient-v1.test_jordan_tuple_scaling_candidate" name="test_native_false_conclusion_rejected[7]" time="0.001" /><testcase classname="research.arithmetic-library.working.jordan-totient-v1.test_jordan_tuple_scaling_candidate" name="test_native_false_conclusion_rejected[8]" time="0.001" /><testcase classname="research.arithmetic-library.working.jordan-totient-v1.test_jordan_tuple_scaling_candidate" name="test_native_false_conclusion_rejected[9]" time="0.003" /><testcase classname="research.arithmetic-library.working.jordan-totient-v1.test_jordan_tuple_scaling_candidate" name="test_native_false_conclusion_rejected[10]" time="0.002" /><testcase classname="research.arithmetic-library.working.jordan-totient-v1.test_jordan_tuple_scaling_candidate" name="test_native_removed_dependency_rejected[0-lt_of_lt_of_le]" time="0.001" /><testcase classname="research.arithmetic-library.working.jordan-totient-v1.test_jordan_tuple_scaling_candidate" name="test_native_removed_dependency_rejected[0-mul_lt_mul_succ_left_nonzero]" time="0.004" /><testcase classname="research.arithmetic-library.working.jordan-totient-v1.test_jordan_tuple_scaling_candidate" name="test_native_removed_dependency_rejected[0-mul_le_mul_left]" time="0.006" /><testcase classname="research.arithmetic-library.working.jordan-totient-v1.test_jordan_tuple_scaling_candidate" name="test_native_removed_dependency_rejected[1-le_or_lt]" time="0.002" /><testcase classname="research.arithmetic-library.working.jordan-totient-v1.test_jordan_tuple_scaling_candidate" name="test_native_removed_dependency_rejected[1-lt_not_le]" time="0.002" /><testcase classname="research.arithmetic-library.working.jordan-totient-v1.test_jordan_tuple_scaling_candidate" name="test_native_removed_dependency_rejected[1-mul_le_mul_left]" time="0.004" /><testcase classname="research.arithmetic-library.working.jordan-totient-v1.test_jordan_tuple_scaling_candidate" name="test_native_removed_dependency_rejected[2-beta_repeat_exists]" time="0.004" /><testcase classname="research.arithmetic-library.working.jordan-totient-v1.test_jordan_tuple_scaling_candidate" name="test_native_removed_dependency_rejected[2-beta_pointwise_mul_prefix_exists]" time="0.006" /><testcase classname="research.arithmetic-library.working.jordan-totient-v1.test_jordan_tuple_scaling_candidate" name="test_native_removed_dependency_rejected[3-beta_at_exists]" time="0.004" /><testcase classname="research.arithmetic-library.working.jordan-totient-v1.test_jordan_tuple_scaling_candidate" name="test_native_removed_dependency_rejected[4-beta_at_exists]" time="0.012" /><testcase classname="research.arithmetic-library.working.jordan-totient-v1.test_jordan_tuple_scaling_candidate" name="test_native_removed_dependency_rejected[5-beta_at_exists]" time="0.014" /><testcase classname="research.arithmetic-library.working.jordan-totient-v1.test_jordan_tuple_scaling_candidate" name="test_native_removed_dependency_rejected[5-mul_left_cancel_nonzero]" time="0.078" /><testcase classname="research.arithmetic-library.working.jordan-totient-v1.test_jordan_tuple_scaling_candidate" name="test_native_removed_dependency_rejected[6-beta_division_prefix_exists]" time="0.007" /><testcase classname="research.arithmetic-library.working.jordan-totient-v1.test_jordan_tuple_scaling_candidate" name="test_native_removed_dependency_rejected[6-beta_at_unique]" time="0.060" /><testcase classname="research.arithmetic-library.working.jordan-totient-v1.test_jordan_tuple_scaling_candidate" name="test_native_removed_dependency_rejected[6-division_remainder_unique]" time="0.227" /><testcase classname="research.arithmetic-library.working.jordan-totient-v1.test_jordan_tuple_scaling_candidate" name="test_native_removed_dependency_rejected[6-one_le_of_ne_zero]" time="0.259" /><testcase classname="research.arithmetic-library.working.jordan-totient-v1.test_jordan_tuple_scaling_candidate" name="test_native_removed_dependency_rejected[7-beta_at_exists]" time="0.012" /><testcase classname="research.arithmetic-library.working.jordan-totient-v1.test_jordan_tuple_scaling_candidate" name="test_native_removed_dependency_rejected[7-jordan_scale_coordinate_strict_bound]" time="0.036" /><testcase classname="research.arithmetic-library.working.jordan-totient-v1.test_jordan_tuple_scaling_candidate" name="test_native_removed_dependency_rejected[8-beta_at_exists]" time="0.059" /><testcase classname="research.arithmetic-library.working.jordan-totient-v1.test_jordan_tuple_scaling_candidate" name="test_native_removed_dependency_rejected[8-jordan_scale_coordinate_strict_bound_reflect]" time="0.033" /><testcase classname="research.arithmetic-library.working.jordan-totient-v1.test_jordan_tuple_scaling_candidate" name="test_native_removed_dependency_rejected[9-jordan_tuple_scaling_exists]" time="0.012" /><testcase classname="research.arithmetic-library.working.jordan-totient-v1.test_jordan_tuple_scaling_candidate" name="test_native_removed_dependency_rejected[9-jordan_tuple_scaling_preserves_box_bound]" time="0.024" /><testcase classname="research.arithmetic-library.working.jordan-totient-v1.test_jordan_tuple_scaling_candidate" name="test_native_removed_dependency_rejected[9-jordan_tuple_scaling_all_divisible]" time="0.064" /><testcase classname="research.arithmetic-library.working.jordan-totient-v1.test_jordan_tuple_scaling_candidate" name="test_native_removed_dependency_rejected[10-jordan_tuple_all_divisible_quotient_exists]" time="0.011" /><testcase classname="research.arithmetic-library.working.jordan-totient-v1.test_jordan_tuple_scaling_candidate" name="test_native_removed_dependency_rejected[10-jordan_tuple_scaling_reflects_box_bound]" time="0.027" /><testcase classname="research.arithmetic-library.working.jordan-totient-v1.test_jordan_scaling_definitions" name="test_exact_append_preserves_493_historical_objects" time="0.000" /><testcase classname="research.arithmetic-library.working.jordan-totient-v1.test_jordan_scaling_definitions" name="test_minimal_parents_are_actual_direct_expansion_uses" time="0.001" /><testcase classname="research.arithmetic-library.working.jordan-totient-v1.test_jordan_scaling_definitions" name="test_exact_statement_ast_roundtrip_through_local_definition_dag[jordan_scale_coordinate_strict_bound]" time="0.001" /><testcase classname="research.arithmetic-library.working.jordan-totient-v1.test_jordan_scaling_definitions" name="test_exact_statement_ast_roundtrip_through_local_definition_dag[jordan_scale_coordinate_strict_bound_reflect]" time="0.001" /><testcase classname="research.arithmetic-library.working.jordan-totient-v1.test_jordan_scaling_definitions" name="test_exact_statement_ast_roundtrip_through_local_definition_dag[jordan_tuple_scaling_exists]" time="0.001" /><testcase classname="research.arithmetic-library.working.jordan-totient-v1.test_jordan_scaling_definitions" name="test_exact_statement_ast_roundtrip_through_local_definition_dag[jordan_tuple_scaling_all_divisible]" time="0.002" /><testcase classname="research.arithmetic-library.working.jordan-totient-v1.test_jordan_scaling_definitions" name="test_exact_statement_ast_roundtrip_through_local_definition_dag[jordan_tuple_scaling_respects_tuple_equality]" time="0.004" /><testcase classname="research.arithmetic-library.working.jordan-totient-v1.test_jordan_scaling_definitions" name="test_exact_statement_ast_roundtrip_through_local_definition_dag[jordan_tuple_scaling_injective]" time="0.004" /><testcase classname="research.arithmetic-library.working.jordan-totient-v1.test_jordan_scaling_definitions" name="test_exact_statement_ast_roundtrip_through_local_definition_dag[jordan_tuple_all_divisible_quotient_exists]" time="0.002" /><testcase classname="research.arithmetic-library.working.jordan-totient-v1.test_jordan_scaling_definitions" name="test_exact_statement_ast_roundtrip_through_local_definition_dag[jordan_tuple_scaling_preserves_box_bound]" time="0.003" /><testcase classname="research.arithmetic-library.working.jordan-totient-v1.test_jordan_scaling_definitions" name="test_exact_statement_ast_roundtrip_through_local_definition_dag[jordan_tuple_scaling_reflects_box_bound]" time="0.003" /><testcase classname="research.arithmetic-library.working.jordan-totient-v1.test_jordan_scaling_definitions" name="test_exact_statement_ast_roundtrip_through_local_definition_dag[jordan_box_scaling_divisible_image_exists]" time="0.004" /><testcase classname="research.arithmetic-library.working.jordan-totient-v1.test_jordan_scaling_definitions" name="test_exact_statement_ast_roundtrip_through_local_definition_dag[jordan_box_divisible_scaling_preimage_exists]" time="0.003" /><testcase classname="research.arithmetic-library.working.jordan-totient-v1.test_jordan_scaling_definitions" name="test_composite_arguments_are_capture_free" time="0.001" /><testcase classname="research.arithmetic-library.working.jordan-totient-v1.test_jordan_scaling_definitions" name="test_definition_dag_is_topological_and_syntax_only" time="0.000" /><testcase classname="research.arithmetic-library.working.jordan-totient-v1.test_jordan_scaling_definitions" name="test_shadows_and_duplicate_semantic_identity_are_rejected" time="0.001" /><testcase classname="research.arithmetic-library.working.jordan-totient-v1.test_jordan_scaling_definitions" name="test_no_global_parser_mutation_or_alpha_import" time="0.000" /></testsuite></testsuites>